{
  "RSpec": {
    "coverage": {
      "/Users/guilherme/Projects/sp-test/spec/log_parser_spec.rb": [
        1,
        null,
        1,
        null,
        3,
        3,
        null,
        1,
        1,
        1,
        1,
        null,
        null,
        1,
        1,
        null,
        null,
        null,
        null
      ],
      "/Users/guilherme/Projects/sp-test/lib/log_parser.rb": [
        1,
        null,
        1,
        2,
        2,
        2,
        1000,
        null,
        2,
        null,
        null,
        null
      ]
    },
    "timestamp": 1563283251
  }
}
