{
  "RSpec": {
    "coverage": {
      "/Users/guilherme/Projects/sp-test/spec/log_parser_spec.rb": [
        1,
        null,
        null,
        null,
        null,
        null,
        1,
        1,
        1,
        1,
        1,
        1,
        1,
        null,
        null,
        null,
        null
      ],
      "/Users/guilherme/Projects/sp-test/lib/log_parser.rb": [
        1,
        null,
        1,
        1,
        null,
        null
      ]
    },
    "timestamp": 1563282063
  }
}
